This is pdfTeX, Version 3.14159265-2.6-1.40.17 (TeX Live 2016) (preloaded format=pdflatex 2016.5.22)  25 OCT 2019 17:26
entering extended mode
 restricted \write18 enabled.
 %&-line parsing enabled.
**alt.tex
(./alt.tex
LaTeX2e <2016/03/31>
Babel <3.9r> and hyphenation patterns for 83 language(s) loaded.
(/usr/local/texlive/2016/texmf-dist/tex/latex/base/article.cls
Document Class: article 2014/09/29 v1.4h Standard LaTeX document class
(/usr/local/texlive/2016/texmf-dist/tex/latex/base/size12.clo
File: size12.clo 2014/09/29 v1.4h Standard LaTeX file (size option)
)
\c@part=\count79
\c@section=\count80
\c@subsection=\count81
\c@subsubsection=\count82
\c@paragraph=\count83
\c@subparagraph=\count84
\c@figure=\count85
\c@table=\count86
\abovecaptionskip=\skip41
\belowcaptionskip=\skip42
\bibindent=\dimen102
) (/usr/local/texlive/2016/texmf-dist/tex/latex/graphics/graphicx.sty
Package: graphicx 2014/10/28 v1.0g Enhanced LaTeX Graphics (DPC,SPQR)
(/usr/local/texlive/2016/texmf-dist/tex/latex/graphics/keyval.sty
Package: keyval 2014/10/28 v1.15 key=value parser (DPC)
\KV@toks@=\toks14
) (/usr/local/texlive/2016/texmf-dist/tex/latex/graphics/graphics.sty
Package: graphics 2016/05/09 v1.0r Standard LaTeX Graphics (DPC,SPQR)
(/usr/local/texlive/2016/texmf-dist/tex/latex/graphics/trig.sty
Package: trig 2016/01/03 v1.10 sin cos tan (DPC)
) (/usr/local/texlive/2016/texmf-dist/tex/latex/graphics-cfg/graphics.cfg
File: graphics.cfg 2016/01/02 v1.10 sample graphics configuration
)
Package graphics Info: Driver file: pdftex.def on input line 96.
(/usr/local/texlive/2016/texmf-dist/tex/latex/pdftex-def/pdftex.def
File: pdftex.def 2011/05/27 v0.06d Graphics/color for pdfTeX
(/usr/local/texlive/2016/texmf-dist/tex/generic/oberdiek/infwarerr.sty
Package: infwarerr 2016/05/16 v1.4 Providing info/warning/error messages (HO)
) (/usr/local/texlive/2016/texmf-dist/tex/generic/oberdiek/ltxcmds.sty
Package: ltxcmds 2016/05/16 v1.23 LaTeX kernel commands for general use (HO)
)
\Gread@gobject=\count87
))
\Gin@req@height=\dimen103
\Gin@req@width=\dimen104
) (/usr/local/texlive/2016/texmf-dist/tex/latex/subfigure/subfigure.sty
Package: subfigure 2002/03/15 v2.1.5 subfigure package
\subfigtopskip=\skip43
\subfigcapskip=\skip44
\subfigcaptopadj=\dimen105
\subfigbottomskip=\skip45
\subfigcapmargin=\dimen106
\subfiglabelskip=\skip46
\c@subfigure=\count88
\c@lofdepth=\count89
\c@subtable=\count90
\c@lotdepth=\count91
****************************************
* Local config file subfigure.cfg used *
****************************************
(/usr/local/texlive/2016/texmf-dist/tex/latex/subfigure/subfigure.cfg)
\subfig@top=\skip47
\subfig@bottom=\skip48
) (/usr/local/texlive/2016/texmf-dist/tex/latex/tools/array.sty
Package: array 2014/10/28 v2.4c Tabular extension package (FMi)
\col@sep=\dimen107
\extrarowheight=\dimen108
\NC@list=\toks15
\extratabsurround=\skip49
\backup@length=\skip50
) (/usr/local/texlive/2016/texmf-dist/tex/latex/geometry/geometry.sty
Package: geometry 2010/09/12 v5.6 Page Geometry
(/usr/local/texlive/2016/texmf-dist/tex/generic/oberdiek/ifpdf.sty
Package: ifpdf 2016/05/14 v3.1 Provides the ifpdf switch
) (/usr/local/texlive/2016/texmf-dist/tex/generic/oberdiek/ifvtex.sty
Package: ifvtex 2016/05/16 v1.6 Detect VTeX and its facilities (HO)
Package ifvtex Info: VTeX not detected.
) (/usr/local/texlive/2016/texmf-dist/tex/generic/ifxetex/ifxetex.sty
Package: ifxetex 2010/09/12 v0.6 Provides ifxetex conditional
)
\Gm@cnth=\count92
\Gm@cntv=\count93
\c@Gm@tempcnt=\count94
\Gm@bindingoffset=\dimen109
\Gm@wd@mp=\dimen110
\Gm@odd@mp=\dimen111
\Gm@even@mp=\dimen112
\Gm@layoutwidth=\dimen113
\Gm@layoutheight=\dimen114
\Gm@layouthoffset=\dimen115
\Gm@layoutvoffset=\dimen116
\Gm@dimlist=\toks16
)

LaTeX Warning: Unused global option(s):
    [a4paperpaper].

(./alt.aux (./psychometrics.aux) (./nfix.aux

LaTeX Warning: Label `fig:figure1' multiply defined.

) (./fixloc.aux

LaTeX Warning: Label `fig:figure1' multiply defined.

) (./choice_bias.aux

LaTeX Warning: Label `fig:figure1' multiply defined.

))
\openout1 = `alt.aux'.

LaTeX Font Info:    Checking defaults for OML/cmm/m/it on input line 32.
LaTeX Font Info:    ... okay on input line 32.
LaTeX Font Info:    Checking defaults for T1/cmr/m/n on input line 32.
LaTeX Font Info:    ... okay on input line 32.
LaTeX Font Info:    Checking defaults for OT1/cmr/m/n on input line 32.
LaTeX Font Info:    ... okay on input line 32.
LaTeX Font Info:    Checking defaults for OMS/cmsy/m/n on input line 32.
LaTeX Font Info:    ... okay on input line 32.
LaTeX Font Info:    Checking defaults for OMX/cmex/m/n on input line 32.
LaTeX Font Info:    ... okay on input line 32.
LaTeX Font Info:    Checking defaults for U/cmr/m/n on input line 32.
LaTeX Font Info:    ... okay on input line 32.
(/usr/local/texlive/2016/texmf-dist/tex/context/base/mkii/supp-pdf.mkii
[Loading MPS to PDF converter (version 2006.09.02).]
\scratchcounter=\count95
\scratchdimen=\dimen117
\scratchbox=\box26
\nofMPsegments=\count96
\nofMParguments=\count97
\everyMPshowfont=\toks17
\MPscratchCnt=\count98
\MPscratchDim=\dimen118
\MPnumerator=\count99
\makeMPintoPDFobject=\count100
\everyMPtoPDFconversion=\toks18
) (/usr/local/texlive/2016/texmf-dist/tex/generic/oberdiek/pdftexcmds.sty
Package: pdftexcmds 2016/05/10 v0.21 Utility functions of pdfTeX for LuaTeX (HO
)
(/usr/local/texlive/2016/texmf-dist/tex/generic/oberdiek/ifluatex.sty
Package: ifluatex 2016/05/16 v1.4 Provides the ifluatex switch (HO)
Package ifluatex Info: LuaTeX not detected.
)
Package pdftexcmds Info: LuaTeX not detected.
Package pdftexcmds Info: \pdf@primitive is available.
Package pdftexcmds Info: \pdf@ifprimitive is available.
Package pdftexcmds Info: \pdfdraftmode found.
) (/usr/local/texlive/2016/texmf-dist/tex/latex/oberdiek/epstopdf-base.sty
Package: epstopdf-base 2016/05/15 v2.6 Base part for package epstopdf
(/usr/local/texlive/2016/texmf-dist/tex/latex/oberdiek/grfext.sty
Package: grfext 2016/05/16 v1.2 Manage graphics extensions (HO)
(/usr/local/texlive/2016/texmf-dist/tex/generic/oberdiek/kvdefinekeys.sty
Package: kvdefinekeys 2016/05/16 v1.4 Define keys (HO)
)) (/usr/local/texlive/2016/texmf-dist/tex/latex/oberdiek/kvoptions.sty
Package: kvoptions 2016/05/16 v3.12 Key value format for package options (HO)
(/usr/local/texlive/2016/texmf-dist/tex/generic/oberdiek/kvsetkeys.sty
Package: kvsetkeys 2016/05/16 v1.17 Key value parser (HO)
(/usr/local/texlive/2016/texmf-dist/tex/generic/oberdiek/etexcmds.sty
Package: etexcmds 2016/05/16 v1.6 Avoid name clashes with e-TeX commands (HO)
Package etexcmds Info: Could not find \expanded.
(etexcmds)             That can mean that you are not using pdfTeX 1.50 or
(etexcmds)             that some package has redefined \expanded.
(etexcmds)             In the latter case, load this package earlier.
)))
Package grfext Info: Graphics extension search list:
(grfext)             [.png,.pdf,.jpg,.mps,.jpeg,.jbig2,.jb2,.PNG,.PDF,.JPG,.JPE
G,.JBIG2,.JB2,.eps]
(grfext)             \AppendGraphicsExtensions on input line 456.
(/usr/local/texlive/2016/texmf-dist/tex/latex/latexconfig/epstopdf-sys.cfg
File: epstopdf-sys.cfg 2010/07/13 v1.3 Configuration of (r)epstopdf for TeX Liv
e
))
*geometry* driver: auto-detecting
*geometry* detected driver: pdftex
*geometry* verbose mode - [ preamble ] result:
* driver: pdftex
* paper: <default>
* layout: <same size as paper>
* layoutoffset:(h,v)=(0.0pt,0.0pt)
* modes: 
* h-part:(L,W,R)=(90.3375pt, 433.62001pt, 90.3375pt)
* v-part:(T,H,B)=(72.26999pt, 650.43001pt, 72.26999pt)
* \paperwidth=614.295pt
* \paperheight=794.96999pt
* \textwidth=433.62001pt
* \textheight=650.43001pt
* \oddsidemargin=18.0675pt
* \evensidemargin=18.0675pt
* \topmargin=-31.00003pt
* \headheight=15.50002pt
* \headsep=15.50002pt
* \topskip=12.0pt
* \footskip=30.0pt
* \marginparwidth=44.0pt
* \marginparsep=10.0pt
* \columnsep=10.0pt
* \skip\footins=10.8pt plus 4.0pt minus 2.0pt
* \hoffset=0.0pt
* \voffset=0.0pt
* \mag=1000
* \@twocolumnfalse
* \@twosidefalse
* \@mparswitchfalse
* \@reversemarginfalse
* (1in=72.27pt=25.4mm, 1cm=28.453pt)

\openout2 = `psychometrics.aux'.

(./psychometrics.tex

LaTeX Warning: No positions in optional float specifier.
               Default added (so using `tbp') on input line 1.

LaTeX Font Info:    External font `cmex10' loaded for size
(Font)              <12> on input line 3.
LaTeX Font Info:    External font `cmex10' loaded for size
(Font)              <8> on input line 3.
LaTeX Font Info:    External font `cmex10' loaded for size
(Font)              <6> on input line 3.
! Extra alignment tab has been changed to \cr.
<recently read> \endtemplate 
                             
l.5     \figrow{A}{value_choice}
                                
You have given more \span or & marks than there were
in the preamble to the \halign or \valign now in progress.
So I'll assume that you meant to type \cr instead.

<../fixed_2/value_choice.pdf, id=1, 433.62pt x 289.08pt>
File: ../fixed_2/value_choice.pdf Graphic file (type pdf)
<use ../fixed_2/value_choice.pdf>
Package pdftex.def Info: ../fixed_2/value_choice.pdf used on input line 5.
(pdftex.def)             Requested size: 216.81pt x 144.53964pt.
<../propfix_fitmu_2/value_choice.pdf, id=2, 433.62pt x 289.08pt>
File: ../propfix_fitmu_2/value_choice.pdf Graphic file (type pdf)
<use ../propfix_fitmu_2/value_choice.pdf>
Package pdftex.def Info: ../propfix_fitmu_2/value_choice.pdf used on input line
 5.
(pdftex.def)             Requested size: 216.81pt x 144.53964pt.
! Extra alignment tab has been changed to \cr.
<recently read> \endtemplate 
                             
l.6     \figrow{B}{difference_rt}
                                 
You have given more \span or & marks than there were
in the preamble to the \halign or \valign now in progress.
So I'll assume that you meant to type \cr instead.

<../fixed_2/difference_rt.pdf, id=3, 433.62pt x 289.08pt>
File: ../fixed_2/difference_rt.pdf Graphic file (type pdf)
<use ../fixed_2/difference_rt.pdf>
Package pdftex.def Info: ../fixed_2/difference_rt.pdf used on input line 6.
(pdftex.def)             Requested size: 216.81pt x 144.53964pt.
<../propfix_fitmu_2/difference_rt.pdf, id=4, 433.62pt x 289.08pt>
File: ../propfix_fitmu_2/difference_rt.pdf Graphic file (type pdf)
<use ../propfix_fitmu_2/difference_rt.pdf>
Package pdftex.def Info: ../propfix_fitmu_2/difference_rt.pdf used on input lin
e 6.
(pdftex.def)             Requested size: 216.81pt x 144.53964pt.
! Extra alignment tab has been changed to \cr.
<recently read> \endtemplate 
                             
l.7     \figrow{C}{rt_kde}
                          
You have given more \span or & marks than there were
in the preamble to the \halign or \valign now in progress.
So I'll assume that you meant to type \cr instead.

<../fixed_2/rt_kde.pdf, id=5, 433.62pt x 289.08pt>
File: ../fixed_2/rt_kde.pdf Graphic file (type pdf)
<use ../fixed_2/rt_kde.pdf>
Package pdftex.def Info: ../fixed_2/rt_kde.pdf used on input line 7.
(pdftex.def)             Requested size: 216.81pt x 144.53964pt.
<../propfix_fitmu_2/rt_kde.pdf, id=6, 433.62pt x 289.08pt>
File: ../propfix_fitmu_2/rt_kde.pdf Graphic file (type pdf)
<use ../propfix_fitmu_2/rt_kde.pdf>
Package pdftex.def Info: ../propfix_fitmu_2/rt_kde.pdf used on input line 7.
(pdftex.def)             Requested size: 216.81pt x 144.53964pt.

Overfull \hbox (24.00002pt too wide) in paragraph at lines 3--9
 [][] 
 []

) [1{/usr/local/texlive/2016/texmf-var/fonts/map/pdftex/updmap/pdftex.map} <../
fixed_2/value_choice.pdf> <../propfix_fitmu_2/value_choice.pdf

pdfTeX warning: pdflatex (file ../propfix_fitmu_2/value_choice.pdf): PDF inclus
ion: multiple pdfs with page group included in a single page
> <../fixed_2/difference_rt.pdf

pdfTeX warning: pdflatex (file ../fixed_2/difference_rt.pdf): PDF inclusion: mu
ltiple pdfs with page group included in a single page
> <../propfix_fitmu_2/difference_rt.pdf

pdfTeX warning: pdflatex (file ../propfix_fitmu_2/difference_rt.pdf): PDF inclu
sion: multiple pdfs with page group included in a single page
> <../fixed_2/rt_kde.pdf

pdfTeX warning: pdflatex (file ../fixed_2/rt_kde.pdf): PDF inclusion: multiple 
pdfs with page group included in a single page
> <../propfix_fitmu_2/rt_kde.pdf

pdfTeX warning: pdflatex (file ../propfix_fitmu_2/rt_kde.pdf): PDF inclusion: m
ultiple pdfs with page group included in a single page
>]
\openout2 = `nfix.aux'.

(./nfix.tex

LaTeX Warning: No positions in optional float specifier.
               Default added (so using `tbp') on input line 1.

! Extra alignment tab has been changed to \cr.
<recently read> \endtemplate 
                             
l.5     \figrow{A}{nfix_hist}
                             
You have given more \span or & marks than there were
in the preamble to the \halign or \valign now in progress.
So I'll assume that you meant to type \cr instead.

<../fixed_2/nfix_hist.pdf, id=201, 433.62pt x 289.08pt>
File: ../fixed_2/nfix_hist.pdf Graphic file (type pdf)
<use ../fixed_2/nfix_hist.pdf>
Package pdftex.def Info: ../fixed_2/nfix_hist.pdf used on input line 5.
(pdftex.def)             Requested size: 216.81pt x 144.53964pt.
<../propfix_fitmu_2/nfix_hist.pdf, id=202, 433.62pt x 289.08pt>
File: ../propfix_fitmu_2/nfix_hist.pdf Graphic file (type pdf)
<use ../propfix_fitmu_2/nfix_hist.pdf>
Package pdftex.def Info: ../propfix_fitmu_2/nfix_hist.pdf used on input line 5.

(pdftex.def)             Requested size: 216.81pt x 144.53964pt.
! Extra alignment tab has been changed to \cr.
<recently read> \endtemplate 
                             
l.6     \figrow{B}{difference_nfix}
                                   
You have given more \span or & marks than there were
in the preamble to the \halign or \valign now in progress.
So I'll assume that you meant to type \cr instead.

<../fixed_2/difference_nfix.pdf, id=203, 433.62pt x 289.08pt>
File: ../fixed_2/difference_nfix.pdf Graphic file (type pdf)
<use ../fixed_2/difference_nfix.pdf>
Package pdftex.def Info: ../fixed_2/difference_nfix.pdf used on input line 6.
(pdftex.def)             Requested size: 216.81pt x 144.53964pt.
<../propfix_fitmu_2/difference_nfix.pdf, id=204, 433.62pt x 289.08pt>
File: ../propfix_fitmu_2/difference_nfix.pdf Graphic file (type pdf)
<use ../propfix_fitmu_2/difference_nfix.pdf>
Package pdftex.def Info: ../propfix_fitmu_2/difference_nfix.pdf used on input l
ine 6.
(pdftex.def)             Requested size: 216.81pt x 144.53964pt.

Overfull \hbox (24.00002pt too wide) in paragraph at lines 3--8
 [][] 
 []

) [2 <../fixed_2/nfix_hist.pdf> <../propfix_fitmu_2/nfix_hist.pdf

pdfTeX warning: pdflatex (file ../propfix_fitmu_2/nfix_hist.pdf): PDF inclusion
: multiple pdfs with page group included in a single page
> <../fixed_2/difference_nfix.pdf

pdfTeX warning: pdflatex (file ../fixed_2/difference_nfix.pdf): PDF inclusion: 
multiple pdfs with page group included in a single page
> <../propfix_fitmu_2/difference_nfix.pdf

pdfTeX warning: pdflatex (file ../propfix_fitmu_2/difference_nfix.pdf): PDF inc
lusion: multiple pdfs with page group included in a single page
>]
\openout2 = `fixloc.aux'.

(./fixloc.tex

LaTeX Warning: No positions in optional float specifier.
               Default added (so using `tbp') on input line 1.

! Extra alignment tab has been changed to \cr.
<recently read> \endtemplate 
                             
l.5     \figrow{A}{fixate_on_best}
                                  
You have given more \span or & marks than there were
in the preamble to the \halign or \valign now in progress.
So I'll assume that you meant to type \cr instead.

<../fixed_2/fixate_on_best.pdf, id=367, 433.62pt x 289.08pt>
File: ../fixed_2/fixate_on_best.pdf Graphic file (type pdf)
<use ../fixed_2/fixate_on_best.pdf>
Package pdftex.def Info: ../fixed_2/fixate_on_best.pdf used on input line 5.
(pdftex.def)             Requested size: 216.81pt x 144.53964pt.
<../propfix_fitmu_2/fixate_on_best.pdf, id=368, 433.62pt x 289.08pt>
File: ../propfix_fitmu_2/fixate_on_best.pdf Graphic file (type pdf)
<use ../propfix_fitmu_2/fixate_on_best.pdf>
Package pdftex.def Info: ../propfix_fitmu_2/fixate_on_best.pdf used on input li
ne 5.
(pdftex.def)             Requested size: 216.81pt x 144.53964pt.
! Extra alignment tab has been changed to \cr.
<recently read> \endtemplate 
                             
l.6     \figrow{B}{value_bias}
                              
You have given more \span or & marks than there were
in the preamble to the \halign or \valign now in progress.
So I'll assume that you meant to type \cr instead.

<../fixed_2/value_bias.pdf, id=369, 433.62pt x 289.08pt>
File: ../fixed_2/value_bias.pdf Graphic file (type pdf)
<use ../fixed_2/value_bias.pdf>
Package pdftex.def Info: ../fixed_2/value_bias.pdf used on input line 6.
(pdftex.def)             Requested size: 216.81pt x 144.53964pt.
<../propfix_fitmu_2/value_bias.pdf, id=370, 433.62pt x 289.08pt>
File: ../propfix_fitmu_2/value_bias.pdf Graphic file (type pdf)
<use ../propfix_fitmu_2/value_bias.pdf>
Package pdftex.def Info: ../propfix_fitmu_2/value_bias.pdf used on input line 6
.
(pdftex.def)             Requested size: 216.81pt x 144.53964pt.
! Extra alignment tab has been changed to \cr.
<recently read> \endtemplate 
                             
l.7     \figrow{C}{refixate_uncertain}
                                      
You have given more \span or & marks than there were
in the preamble to the \halign or \valign now in progress.
So I'll assume that you meant to type \cr instead.

<../fixed_2/refixate_uncertain.pdf, id=371, 433.62pt x 289.08pt>
File: ../fixed_2/refixate_uncertain.pdf Graphic file (type pdf)
<use ../fixed_2/refixate_uncertain.pdf>
Package pdftex.def Info: ../fixed_2/refixate_uncertain.pdf used on input line 7
.
(pdftex.def)             Requested size: 216.81pt x 144.53964pt.
<../propfix_fitmu_2/refixate_uncertain.pdf, id=372, 433.62pt x 289.08pt>
File: ../propfix_fitmu_2/refixate_uncertain.pdf Graphic file (type pdf)
<use ../propfix_fitmu_2/refixate_uncertain.pdf>
Package pdftex.def Info: ../propfix_fitmu_2/refixate_uncertain.pdf used on inpu
t line 7.
(pdftex.def)             Requested size: 216.81pt x 144.53964pt.

Overfull \hbox (24.00002pt too wide) in paragraph at lines 3--9
 [][] 
 []

) [3 <../fixed_2/fixate_on_best.pdf> <../propfix_fitmu_2/fixate_on_best.pdf

pdfTeX warning: pdflatex (file ../propfix_fitmu_2/fixate_on_best.pdf): PDF incl
usion: multiple pdfs with page group included in a single page
> <../fixed_2/value_bias.pdf

pdfTeX warning: pdflatex (file ../fixed_2/value_bias.pdf): PDF inclusion: multi
ple pdfs with page group included in a single page
> <../propfix_fitmu_2/value_bias.pdf

pdfTeX warning: pdflatex (file ../propfix_fitmu_2/value_bias.pdf): PDF inclusio
n: multiple pdfs with page group included in a single page
> <../fixed_2/refixate_uncertain.pdf

pdfTeX warning: pdflatex (file ../fixed_2/refixate_uncertain.pdf): PDF inclusio
n: multiple pdfs with page group included in a single page
> <../propfix_fitmu_2/refixate_uncertain.pdf

pdfTeX warning: pdflatex (file ../propfix_fitmu_2/refixate_uncertain.pdf): PDF 
inclusion: multiple pdfs with page group included in a single page
>]
\openout2 = `choice_bias.aux'.

(./choice_bias.tex

LaTeX Warning: No positions in optional float specifier.
               Default added (so using `tbp') on input line 1.

! Extra alignment tab has been changed to \cr.
<recently read> \endtemplate 
                             
l.5     \figrow{A}{fixation_bias}
                                 
You have given more \span or & marks than there were
in the preamble to the \halign or \valign now in progress.
So I'll assume that you meant to type \cr instead.

<../fixed_2/fixation_bias.pdf, id=569, 433.62pt x 289.08pt>
File: ../fixed_2/fixation_bias.pdf Graphic file (type pdf)
<use ../fixed_2/fixation_bias.pdf>
Package pdftex.def Info: ../fixed_2/fixation_bias.pdf used on input line 5.
(pdftex.def)             Requested size: 216.81pt x 144.53964pt.
<../propfix_fitmu_2/fixation_bias.pdf, id=570, 433.62pt x 289.08pt>
File: ../propfix_fitmu_2/fixation_bias.pdf Graphic file (type pdf)
<use ../propfix_fitmu_2/fixation_bias.pdf>
Package pdftex.def Info: ../propfix_fitmu_2/fixation_bias.pdf used on input lin
e 5.
(pdftex.def)             Requested size: 216.81pt x 144.53964pt.
! Extra alignment tab has been changed to \cr.
<recently read> \endtemplate 
                             
l.6     \figrow{C}{fixation_bias_corrected}
                                           
You have given more \span or & marks than there were
in the preamble to the \halign or \valign now in progress.
So I'll assume that you meant to type \cr instead.

<../fixed_2/fixation_bias_corrected.pdf, id=571, 433.62pt x 289.08pt>
File: ../fixed_2/fixation_bias_corrected.pdf Graphic file (type pdf)
<use ../fixed_2/fixation_bias_corrected.pdf>
Package pdftex.def Info: ../fixed_2/fixation_bias_corrected.pdf used on input l
ine 6.
(pdftex.def)             Requested size: 216.81pt x 144.53964pt.
<../propfix_fitmu_2/fixation_bias_corrected.pdf, id=572, 433.62pt x 289.08pt>
File: ../propfix_fitmu_2/fixation_bias_corrected.pdf Graphic file (type pdf)
<use ../propfix_fitmu_2/fixation_bias_corrected.pdf>
Package pdftex.def Info: ../propfix_fitmu_2/fixation_bias_corrected.pdf used on
 input line 6.
(pdftex.def)             Requested size: 216.81pt x 144.53964pt.
! Extra alignment tab has been changed to \cr.
<recently read> \endtemplate 
                             
l.7     \figrow{B}{last_fix_bias}
                                 
You have given more \span or & marks than there were
in the preamble to the \halign or \valign now in progress.
So I'll assume that you meant to type \cr instead.

<../fixed_2/last_fix_bias.pdf, id=573, 433.62pt x 289.08pt>
File: ../fixed_2/last_fix_bias.pdf Graphic file (type pdf)
<use ../fixed_2/last_fix_bias.pdf>
Package pdftex.def Info: ../fixed_2/last_fix_bias.pdf used on input line 7.
(pdftex.def)             Requested size: 216.81pt x 144.53964pt.
<../propfix_fitmu_2/last_fix_bias.pdf, id=574, 433.62pt x 289.08pt>
File: ../propfix_fitmu_2/last_fix_bias.pdf Graphic file (type pdf)
<use ../propfix_fitmu_2/last_fix_bias.pdf>
Package pdftex.def Info: ../propfix_fitmu_2/last_fix_bias.pdf used on input lin
e 7.
(pdftex.def)             Requested size: 216.81pt x 144.53964pt.

Overfull \hbox (24.00002pt too wide) in paragraph at lines 3--9
 [][] 
 []

) [4 <../fixed_2/fixation_bias.pdf> <../propfix_fitmu_2/fixation_bias.pdf

pdfTeX warning: pdflatex (file ../propfix_fitmu_2/fixation_bias.pdf): PDF inclu
sion: multiple pdfs with page group included in a single page
> <../fixed_2/fixation_bias_corrected.pdf

pdfTeX warning: pdflatex (file ../fixed_2/fixation_bias_corrected.pdf): PDF inc
lusion: multiple pdfs with page group included in a single page
> <../propfix_fitmu_2/fixation_bias_corrected.pdf

pdfTeX warning: pdflatex (file ../propfix_fitmu_2/fixation_bias_corrected.pdf):
 PDF inclusion: multiple pdfs with page group included in a single page
> <../fixed_2/last_fix_bias.pdf

pdfTeX warning: pdflatex (file ../fixed_2/last_fix_bias.pdf): PDF inclusion: mu
ltiple pdfs with page group included in a single page
> <../propfix_fitmu_2/last_fix_bias.pdf

pdfTeX warning: pdflatex (file ../propfix_fitmu_2/last_fix_bias.pdf): PDF inclu
sion: multiple pdfs with page group included in a single page
>] (./alt.aux (./psychometrics.aux) (./nfix.aux) (./fixloc.aux) (./choice_bias.
aux))

LaTeX Warning: There were multiply-defined labels.

 ) 
Here is how much of TeX's memory you used:
 2304 strings out of 493014
 35226 string characters out of 6133351
 97027 words of memory out of 5000000
 5797 multiletter control sequences out of 15000+600000
 7283 words of font info for 26 fonts, out of 8000000 for 9000
 1141 hyphenation exceptions out of 8191
 38i,11n,24p,237b,280s stack positions out of 5000i,500n,10000p,200000b,80000s
</usr/local/texlive/2016/texmf-dist/fonts/type1/public/amsfonts/cm/cmr12.pfb>
</usr/local/texlive/2016/texmf-dist/fonts/type1/public/amsfonts/cm/cmss17.pfb><
/usr/local/texlive/2016/texmf-dist/fonts/type1/public/amsfonts/cm/cmssbx10.pfb>
Output written on alt.pdf (4 pages, 315018 bytes).
PDF statistics:
 803 PDF objects out of 1000 (max. 8388607)
 133 compressed objects within 2 object streams
 0 named destinations out of 1000 (max. 500000)
 111 words of extra memory for PDF output out of 10000 (max. 10000000)

